<?xml version="1.0" encoding="UTF-8"?>
<testng-results total="2" passed="2" failed="0" skipped="0">
  <reporter-output>
  </reporter-output>
  <suite started-at="2026-07-24T10:04:01Z" name="Suite" finished-at="2026-07-24T10:10:03Z" duration-ms="361913">
    <groups>
    </groups>
    <test started-at="2026-07-24T10:04:01Z" name="Regression test" finished-at="2026-07-24T10:10:03Z" duration-ms="361913">
      <class name="Test_Case.Crowley_on_dock_test">
        <test-method is-config="true" signature="Launchurl()[pri:0, instance:Test_Case.Crowley_on_dock_test@67d18ed7]" started-at="2026-07-24T15:37:20Z" name="Launchurl" finished-at="2026-07-24T15:37:25Z" duration-ms="4748" status="PASS">
          <reporter-output>
          </reporter-output>
        </test-method> <!-- Launchurl -->
        <test-method signature="COD_bulk_action()[pri:0, instance:Test_Case.Crowley_on_dock_test@67d18ed7]" started-at="2026-07-24T15:37:25Z" name="COD_bulk_action" finished-at="2026-07-24T15:40:03Z" duration-ms="157997" status="PASS">
          <reporter-output>
          </reporter-output>
        </test-method> <!-- COD_bulk_action -->
      </class> <!-- Test_Case.Crowley_on_dock_test -->
      <class name="Test_Case.COD_UI_ordercreate">
        <test-method is-config="true" signature="Launchurl()[pri:0, instance:Test_Case.COD_UI_ordercreate@5c44c582]" started-at="2026-07-24T15:34:02Z" name="Launchurl" finished-at="2026-07-24T15:34:08Z" duration-ms="5791" status="PASS">
          <reporter-output>
          </reporter-output>
        </test-method> <!-- Launchurl -->
        <test-method signature="COD_UI_order()[pri:0, instance:Test_Case.COD_UI_ordercreate@5c44c582]" started-at="2026-07-24T15:34:08Z" name="COD_UI_order" finished-at="2026-07-24T15:37:20Z" duration-ms="192768" status="PASS">
          <reporter-output>
          </reporter-output>
        </test-method> <!-- COD_UI_order -->
      </class> <!-- Test_Case.COD_UI_ordercreate -->
    </test> <!-- Regression test -->
  </suite> <!-- Suite -->
</testng-results>
