<?xml version="1.0" encoding="UTF-8"?>
<testng-results total="1" passed="1" failed="0" skipped="0">
  <reporter-output>
  </reporter-output>
  <suite started-at="2026-09-02T10:34:47Z" name="Default suite" finished-at="2026-09-02T10:37:45Z" duration-ms="177943">
    <groups>
    </groups>
    <test started-at="2026-09-02T10:34:47Z" name="Default test" finished-at="2026-09-02T10:37:45Z" duration-ms="177943">
      <class name="Test_Case.COD_exception_singlecaseflow">
        <test-method is-config="true" signature="Launchurl()[pri:0, instance:Test_Case.COD_exception_singlecaseflow@26ceffa8]" started-at="2026-09-02T16:04:48Z" name="Launchurl" finished-at="2026-09-02T16:04:56Z" duration-ms="8355" status="PASS">
          <reporter-output>
          </reporter-output>
        </test-method> <!-- Launchurl -->
        <test-method signature="Overage_exception_2()[pri:0, instance:Test_Case.COD_exception_singlecaseflow@26ceffa8]" started-at="2026-09-02T16:04:56Z" name="Overage_exception_2" finished-at="2026-09-02T16:07:45Z" duration-ms="168789" status="PASS">
          <reporter-output>
          </reporter-output>
        </test-method> <!-- Overage_exception_2 -->
      </class> <!-- Test_Case.COD_exception_singlecaseflow -->
    </test> <!-- Default test -->
  </suite> <!-- Default suite -->
</testng-results>
