<?xml version="1.0" encoding="UTF-8"?>
<!-- Generated by org.testng.reporters.JUnitReportReporter -->
<testsuite hostname="XD-RAMESKR-CNT" failures="0" tests="2" name="Test_Case.COD_exception_singlecaseflow" time="335.366" errors="0" timestamp="24 Jul 2026 06:44:54 GMT">
  <testcase classname="Test_Case.COD_exception_singlecaseflow" name="Overage_exception" time="153.852"/>
  <testcase classname="Test_Case.COD_exception_singlecaseflow" name="COD_shortage_exception" time="181.514"/>
</testsuite> <!-- Test_Case.COD_exception_singlecaseflow -->
